Diagnose log at 2026-01-02T13:37:08Z

AppPath: C:\Program Files\Git\mingw64\bin\git-credential-manager.exe
InstallDir: C:\Program Files\Git\mingw64\bin\
Version: 2.5.0+d34930736e131ad80e5690e5634ced1808aff3e2

------------
Diagnostic: Environment
Skipped: False
Success: True
Exception: None
Log:
OSType: Windows
OSVersion: 10.0 (build 26100)
Reading environment variables... OK
 Variables:
HOMEPATH=\Users\lee
DriverData=C:\Windows\System32\Drivers\DriverData
TERMINAL_EMULATOR=JetBrains-JediTerm
EFC_13904_2283032206=1
GIT_TRACE2_PARENT_SID=21ab36a8-6051-4865-80b9-fe2c5271b22a
CommonProgramFiles(x86)=C:\Program Files (x86)\Common Files
OneDrive=C:\Users\lee\OneDrive
INTELLIJ_TERMINAL_COMMAND_BLOCKS_REWORKED=1
JETBRAINS_INTELLIJ_COMMAND_END_MARKER=kb5G50R9wwjsE3agO1NJ5K4fPgdFLj3A61JVhqcV35rmqPmgCzitboyp6TiBxddA
SESSIONNAME=Console
TMP=C:\Users\lee\AppData\Local\Temp
HOME=C:\Users\lee
PROCESSOR_REVISION=2102
PROCESSOR_ARCHITECTURE=x86
PATHEXT=.COM;.EXE;.BAT;.CMD;.VBS;.VBE;.JS;.JSE;.WSF;.WSH;.MSC;.PY;.PYW;.CPL
POWERSHELL_DISTRIBUTION_CHANNEL=MSI:Windows 10 Home
EFC_13904_3789132940=1
TEMP=C:\Users\lee\AppData\Local\Temp
LOCALAPPDATA=C:\Users\lee\AppData\Local
MSYSTEM=MINGW64
TERM=xterm-256color
EFC_13904_1262719628=1
JAVA_HOME=C:\Users\lee\.jdks\ms-17.0.16
USERDOMAIN=hwan
ProgramFiles(x86)=C:\Program Files (x86)
ComSpec=C:\WINDOWS\system32\cmd.exe
HOMEDRIVE=C:
Path=C:/Program Files/Git/mingw64/libexec/git-core;C:\Program Files\Git\mingw64\bin;C:\Program Files\Git\usr\bin;C:\Users\lee\bin;C:\Python314\Scripts\;C:\Python314\;C:\Users\lee\.jdks\ms-17.0.16\bin;C:\WINDOWS\system32;C:\WINDOWS;C:\WINDOWS\System32\Wbem;C:\WINDOWS\System32\WindowsPowerShell\v1.0\;C:\WINDOWS\System32\OpenSSH\;C:\Program Files\Bandizip\;C:\Program Files\Git\cmd;C:\Program Files\PowerShell\7\;C:\ProgramData\chocolatey\bin;C:\Program Files\MySQL\MySQL Shell 8.0\bin\;C:\Users\lee\AppData\Local\Microsoft\WindowsApps;
PROCESSOR_LEVEL=25
PROCESSOR_IDENTIFIER=AMD64 Family 25 Model 33 Stepping 2, AuthenticAMD
TMPDIR=C:\Users\lee\AppData\Local\Temp
PROCESS_LAUNCHED_BY_CW=1
EFC_13904_1592913036=1
PSModulePath=C:\Users\lee\Documents\WindowsPowerShell\Modules;C:\Program Files\WindowsPowerShell\Modules;C:\WINDOWS\system32\WindowsPowerShell\v1.0\Modules
PUBLIC=C:\Users\Public
NUMBER_OF_PROCESSORS=12
FPS_BROWSER_USER_PROFILE_STRING=Default
CommonProgramFiles=C:\Program Files (x86)\Common Files
EFC_13904_2775293581=1
USERPROFILE=C:\Users\lee
ProgramFiles=C:\Program Files (x86)
PLINK_PROTOCOL=ssh
ProgramData=C:\ProgramData
MSYS=disable_pcon
ChocolateyInstall=C:\ProgramData\chocolatey
SystemRoot=C:\WINDOWS
TERM_SESSION_ID=9d9c107d-118f-4f1d-b8aa-52a6e111bdca
COMPUTERNAME=HWAN
CommonProgramW6432=C:\Program Files\Common Files
LOGONSERVER=\\HWAN
FIG_TERM=1
GIT_EXEC_PATH=C:/Program Files/Git/mingw64/libexec/git-core
USERDOMAIN_ROAMINGPROFILE=hwan
APPDATA=C:\Users\lee\AppData\Roaming
COLORTERM=truecolor
OS=Windows_NT
PROCESS_LAUNCHED_BY_Q=1
USERNAME=lee
PROCESSOR_ARCHITEW6432=AMD64
FPS_BROWSER_APP_PROFILE_STRING=Internet Explorer
PSExecutionPolicyPreference=Bypass
LC_CTYPE=C.UTF-8
ProgramW6432=C:\Program Files
ChocolateyLastPathUpdate=134115396289222906
SystemDrive=C:
windir=C:\WINDOWS
ALLUSERSPROFILE=C:\ProgramData


------------
Diagnostic: File system
Skipped: False
Success: True
Exception: None
Log:
Temporary directory is 'C:\Users\lee\AppData\Local\Temp\'...
Checking basic file I/O...
Writing to temporary file 'C:\Users\lee\AppData\Local\Temp\f3114c97ac63df60f7812475'... OK
Reading from temporary file 'C:\Users\lee\AppData\Local\Temp\f3114c97ac63df60f7812475'... OK
Deleting temporary file 'C:\Users\lee\AppData\Local\Temp\f3114c97ac63df60f7812475'... OK
Testing IFileSystem instance...
UserHomePath: C:\Users\lee
UserDataDirectoryPath: C:\Users\lee\.gcm
GetCurrentDirectory(): C:\Users\lee\Desktop\HWAN\study\jachodan-spring

------------
Diagnostic: Networking
Skipped: False
Success: True
Exception: None
Log:
Checking networking and HTTP stack...
Creating HTTP client... OK
IsNetworkAvailable: True
Sending HEAD request to http://example.com...Sending HEAD request to https://example.com... OK
 OK
Acquiring free TCP port... OK
Testing local HTTP loopback connections...
Creating new HTTP listener for http://localhost:9577/... OK
Waiting for loopback connection... OK
Writing response... OK
Waiting for response data... OK
Loopback connection data OK

------------
Diagnostic: Git
Skipped: False
Success: True
Exception: None
Log:
Getting Git version... OK
Git version is '2.45.1.windows.1'
Locating current repository...Git repository at 'C:/Users/lee/Desktop/HWAN/study/jachodan-spring/.git'
 OK
Listing all Git configuration... OK
Git configuration:
file:C:/Program Files/Git/etc/gitconfig	diff.astextplain.textconv=astextplain
file:C:/Program Files/Git/etc/gitconfig	filter.lfs.clean=git-lfs clean -- %f
file:C:/Program Files/Git/etc/gitconfig	filter.lfs.smudge=git-lfs smudge -- %f
file:C:/Program Files/Git/etc/gitconfig	filter.lfs.process=git-lfs filter-process
file:C:/Program Files/Git/etc/gitconfig	filter.lfs.required=true
file:C:/Program Files/Git/etc/gitconfig	http.sslbackend=openssl
file:C:/Program Files/Git/etc/gitconfig	http.sslcainfo=C:/Program Files/Git/mingw64/etc/ssl/certs/ca-bundle.crt
file:C:/Program Files/Git/etc/gitconfig	core.autocrlf=true
file:C:/Program Files/Git/etc/gitconfig	core.fscache=true
file:C:/Program Files/Git/etc/gitconfig	core.symlinks=false
file:C:/Program Files/Git/etc/gitconfig	pull.rebase=false
file:C:/Program Files/Git/etc/gitconfig	credential.helper=manager
file:C:/Program Files/Git/etc/gitconfig	credential.https://dev.azure.com.usehttppath=true
file:C:/Program Files/Git/etc/gitconfig	init.defaultbranch=master
file:C:/Users/lee/.gitconfig	user.email=dltmdghks543@gmail.com
file:C:/Users/lee/.gitconfig	user.name=hwanzanghagetne
file:C:/Users/lee/.gitconfig	alias.graph=log --graph --all --oneline
file:.git/config	core.repositoryformatversion=0
file:.git/config	core.filemode=false
file:.git/config	core.bare=false
file:.git/config	core.logallrefupdates=true
file:.git/config	core.symlinks=false
file:.git/config	core.ignorecase=true
file:.git/config	submodule.active=.
file:.git/config	remote.origin.url=https://github.com/Jachodan/jachodan-spring.git
file:.git/config	remote.origin.fetch=+refs/heads/*:refs/remotes/origin/*
file:.git/config	branch.main.remote=origin
file:.git/config	branch.main.merge=refs/heads/main


------------
Diagnostic: Credential storage
Skipped: False
Success: True
Exception: None
Log:
ICredentialStore instance is of type: CredentialStore
Writing test credential... OK
Reading test credential... OK
Deleting test credential... OK

------------
Diagnostic: Microsoft authentication (AAD/MSA)
Skipped: False
Success: True
Exception: None
Log:
Broker is not enabled.
Flow type is: Auto
Gathering MSAL token cache data... OK
CacheDirectory: C:\Users\lee\AppData\Local\.IdentityService
CacheFileName: msal.cache
CacheFilePath: C:\Users\lee\AppData\Local\.IdentityService\msal.cache
Creating cache helper... OK
Verifying MSAL token cache persistence... OK

------------
Diagnostic: GitHub API
Skipped: False
Success: True
Exception: None
Log:
Using 'https://github.com/' as API target.
Querying '/meta' endpoint... OK

